<?xml version="1.0" encoding="UTF-8"?>
<testsuite xmlns:xsi="http://www.w3.org/2001/XMLSchema-instance" xsi:noNamespaceSchemaLocation="https://maven.apache.org/surefire/maven-surefire-plugin/xsd/surefire-test-report-3.0.xsd" version="3.0" name="com.example.springauth.SpringAuthApplicationTests" time="1.698" tests="1" errors="0" skipped="0" failures="0">
  <properties>
[...]
</properties>
  <testcase name="contextLoads" classname="com.example.springauth.SpringAuthApplicationTests" time="0.475">
    <system-out><![CDATA[15:03:37.218 [main] INFO org.springframework.test.context.support.AnnotationConfigContextLoaderUtils -- Could not detect default configuration classes for test class [com.example.springauth.SpringAuthApplicationTests]: SpringAuthApplicationTests does not declare any static, non-private, non-final, nested classes annotated with @Configuration.
15:03:37.274 [main] INFO org.springframework.boot.test.context.SpringBootTestContextBootstrapper -- Found @SpringBootConfiguration com.example.springauth.SpringAuthApplication for test class com.example.springauth.SpringAuthApplicationTests

  .   ____          _            __ _ _
 /\\ / ___'_ __ _ _(_)_ __  __ _ \ \ \ \
( ( )\___ | '_ | '_| | '_ \/ _` | \ \ \ \
 \\/  ___)| |_)| | | | | || (_| |  ) ) ) )
  '  |____| .__|_| |_|_| |_\__, | / / / /
 =========|_|==============|___/=/_/_/_/
 :: Spring Boot ::                (v3.2.3)

2024-03-10T15:03:37.512+01:00  INFO 20752 --- [           main] c.e.s.SpringAuthApplicationTests         : Starting SpringAuthApplicationTests using Java 21 with PID 20752 (started by Nayren in C:\Users\Nayren\Documents\BUT Informatique\S6\Maintenance Applicative\microservice-auth\spring-auth)
2024-03-10T15:03:37.513+01:00  INFO 20752 --- [           main] c.e.s.SpringAuthApplicationTests         : No active profile set, falling back to 1 default profile: "default"
2024-03-10T15:03:38.011+01:00  WARN 20752 --- [           main] .s.s.UserDetailsServiceAutoConfiguration : 

Using generated security password: 514e534f-e742-4db9-9b8b-6416ad699052

This generated password is for development use only. Your security configuration must be updated before running your application in production.

2024-03-10T15:03:38.161+01:00  INFO 20752 --- [           main] o.s.s.web.DefaultSecurityFilterChain     : Will secure any request with [org.springframework.security.web.session.DisableEncodeUrlFilter@1a1cc163, org.springframework.security.web.context.request.async.WebAsyncManagerIntegrationFilter@5b5ac798, org.springframework.security.web.context.SecurityContextHolderFilter@74f827ad, org.springframework.security.web.header.HeaderWriterFilter@5dbb50f3, org.springframework.web.filter.CorsFilter@42383cb0, org.springframework.security.web.authentication.logout.LogoutFilter@1e4c6583, org.springframework.security.web.savedrequest.RequestCacheAwareFilter@4a8a0099, org.springframework.security.web.servletapi.SecurityContextHolderAwareRequestFilter@7c1447b5, org.springframework.security.web.authentication.AnonymousAuthenticationFilter@7668892a, org.springframework.security.web.access.ExceptionTranslationFilter@5cbd94b2, org.springframework.security.web.access.intercept.AuthorizationFilter@7316523a]
2024-03-10T15:03:38.320+01:00  INFO 20752 --- [           main] c.e.s.SpringAuthApplicationTests         : Started SpringAuthApplicationTests in 0.962 seconds (process running for 1.519)
]]></system-out>
    <system-err><![CDATA[WARNING: A Java agent has been loaded dynamically (C:\Users\Nayren\.m2\repository\net\bytebuddy\byte-buddy-agent\1.14.12\byte-buddy-agent-1.14.12.jar)
WARNING: If a serviceability tool is in use, please run with -XX:+EnableDynamicAgentLoading to hide this warning
WARNING: If a serviceability tool is not in use, please run with -Djdk.instrument.traceUsage for more information
WARNING: Dynamic loading of agents will be disallowed by default in a future release
]]></system-err>
  </testcase>
</testsuite>